{"name": "test_delete_booking_id", "status": "failed", "statusDetails": {"message": "AssertionError: Failed to Match the Status code", "trace": "@pytest.fixture(scope=\"function\")\n    def get_booking_id():\n        response = post_request(\n            url=APIConstants().url_create_booking(),\n            auth=None,\n            headers=Utils().common_headers_json(),\n            payload=payload_create_booking(),\n            in_json=False\n        )\n>       verify_status_code(response_data_status=response.status_code, expected_data=400)\n\nconftest.py:60: \n_ _ _ _ _ _ _ _ _ _ _ _ _ _ _ _ _ _ _ _ _ _ _ _ _ _ _ _ _ _ _ _ _ _ _ _ _ _ _ _ _ _ _ _ _ _ _ _ _ _ _ _ _ _ _ _ _ _ _ _ _ _ _ _ _ _ _ _ _ _ _ _ _ _ _ _ _ _ _\n\nresponse_data_status = 200, expected_data = 400\n\n    def verify_status_code(response_data_status, expected_data):\n>        assert response_data_status == expected_data, \"Failed to Match the Status code\"\n                ^^^^^^^^^^^^^^^^^^^^^^^^^^^^^^^^^^^^^\nE        AssertionError: Failed to Match the Status code\n\nsrc\\modules\\verification\\common_verification.py:8: AssertionError"}, "start": 1766511042620, "stop": 1766511042620, "uuid": "07a92fcf-2839-47df-92c8-c11d94a18f7c", "historyId": "d00127ee637d197952c0d4d54b079735", "testCaseId": "d00127ee637d197952c0d4d54b079735", "fullName": "src.tests.e2e.test_crud_full_e2e.TestCrudBooking#test_delete_booking_id", "labels": [{"name": "parentSuite", "value": "src.tests.e2e"}, {"name": "suite", "value": "test_crud_full_e2e"}, {"name": "subSuite", "value": "TestCrudBooking"}, {"name": "host", "value": "DESKTOP-8OS0836"}, {"name": "thread", "value": "3472-MainThread"}, {"name": "framework", "value": "pytest"}, {"name": "language", "value": "cpython3"}, {"name": "package", "value": "src.tests.e2e.test_crud_full_e2e"}], "titlePath": ["src", "tests", "e2e", "test_crud_full_e2e.py", "TestCrudBooking"]}