{"name": "Test CRUD operation Update(PUT).", "status": "failed", "statusDetails": {"message": "AssertionError: Failed to Match the Status code", "trace": "@pytest.fixture(scope=\"function\")\n    def get_booking_id():\n        response = post_request(\n            url=APIConstants().url_create_booking(),\n            auth=None,\n            headers=Utils().common_headers_json(),\n            payload=payload_create_booking(),\n            in_json=False\n        )\n>       verify_status_code(response_data_status=response.status_code, expected_data=400)\n\nconftest.py:60: \n_ _ _ _ _ _ _ _ _ _ _ _ _ _ _ _ _ _ _ _ _ _ _ _ _ _ _ _ _ _ _ _ _ _ _ _ _ _ _ _ _ _ _ _ _ _ _ _ _ _ _ _ _ _ _ _ _ _ _ _ _ _ _ _ _ _ _ _ _ _ _ _ _ _ _ _ _ _ _\n\nresponse_data_status = 200, expected_data = 400\n\n    def verify_status_code(response_data_status, expected_data):\n>        assert response_data_status == expected_data, \"Failed to Match the Status code\"\n                ^^^^^^^^^^^^^^^^^^^^^^^^^^^^^^^^^^^^^\nE        AssertionError: Failed to Match the Status code\n\nsrc\\modules\\verification\\common_verification.py:8: AssertionError"}, "description": "Verify that full update with the booking ID and token is working", "start": 1766511038987, "stop": 1766511038987, "uuid": "0bbb03a2-cc85-4ddb-be84-449d270d8e40", "historyId": "2434d0c955955676fb73033a8c18478c", "testCaseId": "2434d0c955955676fb73033a8c18478c", "fullName": "src.tests.e2e.test_crud_full_e2e.TestCrudBooking#test_update_booking_id_token", "labels": [{"name": "parentSuite", "value": "src.tests.e2e"}, {"name": "suite", "value": "test_crud_full_e2e"}, {"name": "subSuite", "value": "TestCrudBooking"}, {"name": "host", "value": "DESKTOP-8OS0836"}, {"name": "thread", "value": "3472-MainThread"}, {"name": "framework", "value": "pytest"}, {"name": "language", "value": "cpython3"}, {"name": "package", "value": "src.tests.e2e.test_crud_full_e2e"}], "titlePath": ["src", "tests", "e2e", "test_crud_full_e2e.py", "TestCrudBooking"]}