{"name": "Verify Failed !! that the framework is working", "status": "failed", "statusDetails": {"message": "AssertionError: assert True == False", "trace": "@allure.title(\"Verify Failed !! that the framework is working\")\n    def test_sample_pass():\n>       assert True == False\nE       assert True == False\n\nsrc\\tests\\sample\\test_sample.py:6: AssertionError"}, "start": 1765981939639, "stop": 1765981939640, "uuid": "6f2d6d98-39f4-4da1-a137-ec02b1cfcbed", "historyId": "af819de0dd65d8738e9cdee07c3854f1", "testCaseId": "af819de0dd65d8738e9cdee07c3854f1", "fullName": "src.tests.sample.test_sample#test_sample_pass", "labels": [{"name": "parentSuite", "value": "src.tests.sample"}, {"name": "suite", "value": "test_sample"}, {"name": "host", "value": "DESKTOP-8OS0836"}, {"name": "thread", "value": "11416-MainThread"}, {"name": "framework", "value": "pytest"}, {"name": "language", "value": "cpython3"}, {"name": "package", "value": "src.tests.sample.test_sample"}], "titlePath": ["src", "tests", "sample", "test_sample.py"]}